Script started on 2019-08-31 21:42:59+0300
+ docker image pull --quiet nginx
docker.io/library/nginx:latest
+ docker run --detach --name nginx-01 nginx
62f0a8b4e83a46e958da2db523744376a9e4b994165de382dd8a7eb59f6c2b01
+ docker run --detach --name nginx-02 nginx
c59cf51661ff62d62cd5e2f1710c2561b7a3634964daa09a4b10cdd7f8e0825b
+ docker run --detach --name nginx-03 nginx
48a4a4c74ee25861cb88058df827eaaf1fabaa7c7660076647caf32d9257a3c0
+ docker ps --all
CONTAINER ID        IMAGE               COMMAND                  CREATED                  STATUS                  PORTS               NAMES
48a4a4c74ee2        nginx               "nginx -g 'daemon of…"   Less than a second ago   Up Less than a second   80/tcp              nginx-03
c59cf51661ff        nginx               "nginx -g 'daemon of…"   1 second ago             Up Less than a second   80/tcp              nginx-02
62f0a8b4e83a        nginx               "nginx -g 'daemon of…"   1 second ago             Up 1 second             80/tcp              nginx-01
+ docker stop nginx-01
nginx-01
+ docker stop nginx-02
nginx-02
+ docker ps --all
CONTAINER ID        IMAGE               COMMAND                  CREATED             STATUS                              PORTS               NAMES
48a4a4c74ee2        nginx               "nginx -g 'daemon of…"   2 seconds ago       Up 1 second                         80/tcp              nginx-03
c59cf51661ff        nginx               "nginx -g 'daemon of…"   3 seconds ago       Exited (0) Less than a second ago                       nginx-02
62f0a8b4e83a        nginx               "nginx -g 'daemon of…"   3 seconds ago       Exited (0) Less than a second ago                       nginx-01
+ source dockercontainerprune.sh
+++ docker ps --all --quiet
++ docker stop 48a4a4c74ee2 c59cf51661ff 62f0a8b4e83a
++ docker container prune --force
Deleted Containers:
48a4a4c74ee25861cb88058df827eaaf1fabaa7c7660076647caf32d9257a3c0
c59cf51661ff62d62cd5e2f1710c2561b7a3634964daa09a4b10cdd7f8e0825b
62f0a8b4e83a46e958da2db523744376a9e4b994165de382dd8a7eb59f6c2b01

Total reclaimed space: 0B

Script done on 2019-08-31 21:43:06+0300
