Script started on 2019-08-25 15:57:41+0300
++ docker ps --all --quiet
+ docker stop 722cfaac954b 3f36ed251b9d 2604e96ba563
+ docker system prune --volumes --all --force
Deleted Containers:
722cfaac954bf667c70eec3cc3b7540f7dfbfb485e4026c51d0ed94e348c271c
3f36ed251b9d720b92e0b3dffd06099a2033452e1ecd3f251e01e36352eb7ce9
2604e96ba563a0cde5df6226a8693f352244d120d26fe0ed2bcd4dde25cc123b

Deleted Images:
untagged: nginx:latest
untagged: nginx@sha256:53ddb41e46de3d63376579acf46f9a41a8d7de33645db47a486de9769201fec9
deleted: sha256:5a3221f0137beb960c34b9cf4455424b6210160fd618c5e79401a07d6e5a2ced
deleted: sha256:9517458cc6efeca05fee894eb0dda7cda7a704a6469e4624792289c9ff4350c0
deleted: sha256:963e4580fca3bf364728a7df40a2348939c25213d32508c53849108d05764093
deleted: sha256:1c95c77433e8d7bf0f519c9d8c9ca967e2603f0defbf379130d9a841cca2e28e

Total reclaimed space: 126MB
+ docker ps --all
CONTAINER ID        IMAGE               COMMAND             CREATED             STATUS              PORTS               NAMES
+ docker images
REPOSITORY          TAG                 IMAGE ID            CREATED             SIZE

Script done on 2019-08-25 15:57:42+0300
