Script started on 2019-09-01 09:44:58+0300
+ DOCKERFILEFOLDER=1.06.Dockerfile
+ [[ ! -e 1.06.Dockerfile/Dockerfile ]]
+ cat
+ docker build --quiet --tag docker-clock 1.06.Dockerfile
sha256:f92a458fcdfed46770c82bcd053b18dd87c604fc989a6faa038ebd94ae9d65ba
+ docker run docker-clock
1
2
3
4
5
+ source dockercontainerprune.sh
+++ docker ps --all --quiet
++ docker stop 0d6b17ca5d6c
++ docker container prune --force
Deleted Containers:
0d6b17ca5d6ce64ab6c78ca148baad02a5283d129bb72e37dd904ae4e8ae81f2

Total reclaimed space: 0B

Script done on 2019-09-01 09:45:05+0300
