Script started on 2019-09-01 17:40:12+0300
+ docker image pull --quiet devopsdockeruh/first_volume_exercise
docker.io/devopsdockeruh/first_volume_exercise:latest
+ rm -f /c/Temp/logs.txt
+ touch /c/Temp/logs.txt
+ timeout 10s docker run --volume /c/Temp/logs.txt:/usr/app/logs.txt devopsdockeruh/first_volume_exercise
(node:1) ExperimentalWarning: The fs.promises API is experimental
Wrote to file /usr/app/logs.txt
Wrote to file /usr/app/logs.txt
Wrote to file /usr/app/logs.txt
Wrote to file /usr/app/logs.txt
Closing file
+ cat /c/Temp/logs.txt
Sun, 01 Sep 2019 14:40:14 GMT
Sun, 01 Sep 2019 14:40:17 GMT
Sun, 01 Sep 2019 14:40:20 GMT
Sun, 01 Sep 2019 14:40:23 GMT
+ rm -f /c/Temp/logs.txt
+ source dockercontainerprune.sh
+++ docker ps --all --quiet
++ docker stop 2a11c1d20e4b
++ docker container prune --force
Deleted Containers:
2a11c1d20e4be35d59eeb1753871972835ce752cda51778d04c89efddafcc64a

Total reclaimed space: 0B

Script done on 2019-09-01 17:40:24+0300
