Script started on 2019-12-30 15:41:38+0200
+ EXERCISE=1.10
+ TAG=frontend-example-docker
+ PORT=5000
+ mkdir -p 1.10
+ cat
+ docker build --quiet --tag frontend-example-docker 1.10
sha256:a27930e7c67b3e07b0e21cca2f1e98e53b9ec350e9862e14efe12d48dd26fad3
+ docker run --detach --publish 5000:5000 --name frontend-example-docker frontend-example-docker
445e30f311f1db6944a1c68546d2b77826e1edf9e8e58d080ac0825b397da7c0
+ sleep 30s
+ curl --url http://localhost:5000
<!DOCTYPE html>
<html lang="en">
  <head>
    <meta charset="utf-8">
    <meta content="ie=edge" http-equiv="x-ua-compatible">
    <title>Webpack App</title>
    <link href="vendors~main-1.css" rel="stylesheet" />
    <link href="main.css" rel="stylesheet" />
  </head>
  <body>
    <div id="root">
    </div>
    <script src="vendors~main.js" type="text/javascript"></script>
    <script src="main.js" type="text/javascript"></script>
  </body>
</html>
+ cutycapt --url=http://localhost:5000 --out=1.10.output.png
libpng warning: iCCP: known incorrect sRGB profile
libpng warning: iCCP: known incorrect sRGB profile
+ docker rm frontend-example-docker --force --volumes
frontend-example-docker

Script done on 2019-12-30 15:42:44+0200
