Script started on 2019-12-30 16:17:09+0200
+ EXERCISE=1.12
+ mkdir -p 1.12
+ TAG=backend-example-docker
+ PORT=8000
+ cat
+ docker build --quiet --tag backend-example-docker --file 1.12/Dockerfile.backend-example-docker 1.12
sha256:5daefba82816c491b3cebc69736edf44b83e6ad4ef72a33fabf8d60a06eb238a
+ docker run --name backend-example-docker --detach --publish 8000:8000 backend-example-docker
b78129d7a23c8445c9225b6d42281f27d28e9bd05dcf415ca0685a0d939b84da
+ TAG=frontend-example-docker
+ PORT=5000
+ cat
+ docker build --quiet --tag frontend-example-docker --file 1.12/Dockerfile.frontend-example-docker 1.12
sha256:add30153029b98235886a96e27c9e2dbf2eabe85b04bd673873b5c2a5773e2d9
+ docker run --name frontend-example-docker --detach --publish 5000:5000 frontend-example-docker
38ae48794b0cf91b6df592d6e83a028d28b7a0fb3e6826e830c18e0627ca5f09
+ sleep 30s
+ curl --url http://localhost:5000
<!DOCTYPE html>
<html lang="en">
  <head>
    <meta charset="utf-8">
    <meta content="ie=edge" http-equiv="x-ua-compatible">
    <title>Webpack App</title>
    <link href="vendors~main-1.css" rel="stylesheet" />
    <link href="main.css" rel="stylesheet" />
  </head>
  <body>
    <div id="root">
    </div>
    <script src="vendors~main.js" type="text/javascript"></script>
    <script src="main.js" type="text/javascript"></script>
  </body>
</html>

Script done on 2019-12-30 16:17:42+0200
