Script started on 2019-12-30 18:38:30+0200
+ EXERCISE=1.15
+ TAG=helloworld
+ mkdir -p 1.15
+ cat
+ docker build --quiet --tag helloworld 1.15
sha256:521d7bbeb7304f27e1c7eeb45636d3981b44b7198f8de56b0638f81ffec3f883
+ docker run --name helloworld helloworld
Hello World!
+ docker tag helloworld joukorintamaki/helloworld
+ docker push joukorintamaki/helloworld
The push refers to repository [docker.io/joukorintamaki/helloworld]

[1A[2K6b27de954cca: Preparing [1B[1A[2K6b27de954cca: Layer already exists [1Blatest: digest: sha256:514e7b0343f955d25027410c0884fd8ffa46b9dfab255044b2f6d705e31bf536 size: 528
+ echo

+ echo

+ echo Public View:
Public View:
+ echo

+ echo https://hub.docker.com/r/joukorintamaki/helloworld
https://hub.docker.com/r/joukorintamaki/helloworld
+ echo

+ echo

+ docker rm helloworld --force --volumes
helloworld

Script done on 2019-12-30 18:38:35+0200
