Script started on 2019-12-30 18:46:52+0200
+ rm -f /c/Temp/logs.txt
+ touch /c/Temp/logs.txt
+ EXERCISE=2.01
+ TAG=first_volume_exercise
+ mkdir -p 2.01
+ cat
+ cat /c/Temp/logs.txt
+ cd 2.01
+ timeout 10s docker-compose up
Creating first_volume_exercise ... 
[1A[2KCreating first_volume_exercise ... [32mdone[0m[1BAttaching to first_volume_exercise
[36mfirst_volume_exercise    |[0m (node:1) ExperimentalWarning: The fs.promises API is experimental
[36mfirst_volume_exercise    |[0m Wrote to file /usr/app/logs.txt
[36mfirst_volume_exercise    |[0m Wrote to file /usr/app/logs.txt
[36mfirst_volume_exercise    |[0m Wrote to file /usr/app/logs.txt
Gracefully stopping... (press Ctrl+C again to force)
Stopping first_volume_exercise ... 
[1A[2KStopping first_volume_exercise ... [32mdone[0m[1B+ cat /c/Temp/logs.txt
Mon, 30 Dec 2019 16:46:53 GMT
Mon, 30 Dec 2019 16:46:56 GMT
Mon, 30 Dec 2019 16:46:59 GMT
+ rm /c/Temp/logs.txt
+ docker rm first_volume_exercise --force --volumes
first_volume_exercise

Script done on 2019-12-30 18:47:03+0200
