Script started on 2019-09-29 11:34:55+0300
+ EXERCISE=2.03
+ [[ ! -e 2.03/docker-compose.yml ]]
+ mkdir -p 2.03
+ touch 2.03/docker-compose.yml
+ cat
+ TAG=backend-example-docker
+ FOLDER=2.03/backend-example-docker
+ PORT=8000
+ [[ ! -e 2.03/backend-example-docker/Dockerfile ]]
+ mkdir -p 2.03/backend-example-docker
+ touch 2.03/backend-example-docker/Dockerfile
+ cat
+ cat
+ TAG=frontend-example-docker
+ FOLDER=2.03/frontend-example-docker
+ PORT=5000
+ [[ ! -e 2.03/frontend-example-docker/Dockerfile ]]
+ mkdir -p 2.03/frontend-example-docker
+ touch 2.03/frontend-example-docker/Dockerfile
+ cat
+ cat
+ cd 2.03
+ docker-compose up --detach --no-color
Creating network "203_default" with the default driver
Creating frontend-example-docker ... 
Creating backend-example-docker  ... 
[1A[2KCreating backend-example-docker  ... [32mdone[0m[1B[2A[2KCreating frontend-example-docker ... [32mdone[0m[2B+ sleep 60s
+ curl localhost:5000
<!DOCTYPE html>
<html lang="en">
  <head>
    <meta charset="utf-8">
    <meta content="ie=edge" http-equiv="x-ua-compatible">
    <title>Webpack App</title>
    <link href="vendors~main-1.css" rel="stylesheet" />
    <link href="main.css" rel="stylesheet" />
  </head>
  <body>
    <div id="root">
    </div>
    <script src="vendors~main.js" type="text/javascript"></script>
    <script src="main.js" type="text/javascript"></script>
  </body>
</html>
+ docker-compose down
Stopping backend-example-docker  ... 
Stopping frontend-example-docker ... 
[1A[2KStopping frontend-example-docker ... [32mdone[0m[1B[2A[2KStopping backend-example-docker  ... [32mdone[0m[2BRemoving backend-example-docker  ... 
Removing frontend-example-docker ... 
[2A[2KRemoving backend-example-docker  ... [32mdone[0m[2B[1A[2KRemoving frontend-example-docker ... [32mdone[0m[1BRemoving network 203_default

Script done on 2019-09-29 11:35:59+0300
