Script started on 2019-12-29 20:07:20+0200
backend-example-docker    latest              9d17a3d7c1c5        35 seconds ago      998MB
frontend-example-docker   latest              b3d6a7e0793b        36 seconds ago      1.09GB
Untagged: frontend-example-docker:latest
Deleted: sha256:b3d6a7e0793b327723e5bfe1dafcddd547d0dc20ad3fc3ddb26825c86f60fe41
Deleted: sha256:448ed2cf7712823895992296dff75de0db3a536fe69f6c09fb1d2ddad13ecca8
Deleted: sha256:852f464eb4f6438f5951db5ebbb192d037bcb20ca26508f8b7bf0dfd98febcb9
Deleted: sha256:98ac625a90346d0b952e25b33999c01218a5e8a418f87ddf0fc72220bc8a9d73
Deleted: sha256:8d4e9f296164845191a91899b0362f8dd87dee75040c1bb49bf20245e786b69d
Deleted: sha256:f57879008d1907f36e6f321c95afe2682346dbc167c01f8b19ff117fc29f3500
Deleted: sha256:54ce4cc328638a24053069fb079a7a971f2e84cb58728df888080ab6b2ac583b
Deleted: sha256:41e45fe17f7888de7691cd91bd671f5f89c845f31c4a2d5c0849844cbec5a901
Deleted: sha256:736dc239ce2cd32cc402dd4213de40781f4c1ab2ecb2a73ff8d6c6a854bc66f1
Deleted: sha256:fa6283e10a7e2ad20b4603b67358dcdba54df296bda94f463244fce4b20b3d63
Untagged: backend-example-docker:latest
Deleted: sha256:9d17a3d7c1c51500172de512a5343f83f9286a3631c28abcbff0894f64d53baa
Deleted: sha256:2a519ea3f7079f5f10bccd472440aa51b1a09c26b4a3747aff136708659ee846
Deleted: sha256:c6c5a6bf34ea06f98298b63fb299d524edde677058c168ea5f07398adda685a0
Deleted: sha256:d68cf475db8034be71d41499590249dae74d64a97ae80bad17b8368114a2b7c6
Deleted: sha256:861856772cb939c0660c0cc1aa49109cf15eeb7796919f8a65abc11b09a7de56
Deleted: sha256:8d10810c1059fd3d2347d024296de1e4f5410143ffdd356338e12c5c9ac8a48a
Deleted: sha256:7d0645aa86edfdf76b2aed1ca6ecd3e10e68a7c21358624a6f64a4251bb1f1cc
Deleted: sha256:ec5f3b74dd8f0bea8ef2bb58af5db11345464f196f71897bd6d8ac2c2cf6f0ae
Deleted: sha256:2a0030e616bc71838ecc04b9f42ca4c7cfb8a853274efe25e7dedff796cd0f7a
Deleted: sha256:0ef651b2ea498d505de91d9dfd30790f75dfa0f7093bd5c7ed97aeb0749449c7
redis uses an image, skipping
postgres uses an image, skipping
nginx uses an image, skipping
Building backend-example-docker  ... 
Building frontend-example-docker ... 
Building backend-example-docker
Building frontend-example-docker
Step 1/6 : FROM node:alpine
 ---> e1495e4ac50d
Step 2/6 : ENV FRONT_URL=http://localhost
Step 1/6 : FROM node:alpine
 ---> e1495e4ac50d
Step 2/6 : ENV API_URL=http://localhost:8000
 ---> Running in a7414bfa4b8d
 ---> Running in f97aa856b3f1
Removing intermediate container f97aa856b3f1
Removing intermediate container a7414bfa4b8d
 ---> 1fc0fc271176
 ---> 9c49da5b54b5
Step 3/6 : RUN apk add --no-cache git &&  mkdir -p /usr/src/backend-example-docker &&  git clone https://github.com/docker-hy/backend-example-docker /usr/src/backend-example-docker &&  cd /usr/src/backend-example-docker &&  npm install &&  apk del gitStep 3/6 : RUN apk add --no-cache git &&  mkdir -p /usr/src/frontend-example-docker &&  git clone https://github.com/docker-hy/frontend-example-docker /usr/src/frontend-example-docker &&  cd /usr/src/frontend-example-docker &&  npm install &&  apk del git

 ---> Running in 01a80ede2080
 ---> Running in c3f1d5c05293
fetch http://dl-cdn.alpinelinux.org/alpine/v3.11/main/x86_64/APKINDEX.tar.gz
fetch http://dl-cdn.alpinelinux.org/alpine/v3.11/main/x86_64/APKINDEX.tar.gz
fetch http://dl-cdn.alpinelinux.org/alpine/v3.11/community/x86_64/APKINDEX.tar.gz
fetch http://dl-cdn.alpinelinux.org/alpine/v3.11/community/x86_64/APKINDEX.tar.gz
(1/6) Installing ca-certificates (20191127-r0)
(1/6) Installing ca-certificates (20191127-r0)
(2/6) Installing nghttp2-libs (1.40.0-r0)
(3/6) Installing libcurl (7.67.0-r0)
(2/6) Installing nghttp2-libs (1.40.0-r0)
(3/6) Installing libcurl (7.67.0-r0)
(4/6) Installing expat (2.2.9-r1)
(5/6) Installing pcre2 (10.34-r1)
(4/6) Installing expat (2.2.9-r1)
(5/6) Installing pcre2 (10.34-r1)
(6/6) Installing git (2.24.1-r0)
(6/6) Installing git (2.24.1-r0)
Executing busybox-1.31.1-r8.trigger
Executing ca-certificates-20191127-r0.trigger
OK: 23 MiB in 22 packages
[91mCloning into '/usr/src/frontend-example-docker'...
[0mExecuting busybox-1.31.1-r8.trigger
Executing ca-certificates-20191127-r0.trigger
OK: 23 MiB in 22 packages
[91mCloning into '/usr/src/backend-example-docker'...
[0m
> nodemon@1.18.9 postinstall /usr/src/backend-example-docker/node_modules/nodemon
> node bin/postinstall || exit 0

[32mLove nodemon? You can now support the project via the open collective:[22m[39m
 > [96m[1mhttps://opencollective.com/nodemon/donate[0m

[91mnpm WARN[0m[91m optional SKIPPING OPTIONAL DEPENDENCY: fsevents@1.2.4 (node_modules/fsevents):
npm[0m[91m WARN [0m[91mnotsup[0m[91m SKIPPING OPTIONAL DEPENDENCY: Unsupported platform for fsevents@1.2.4: wanted {"os":"darwin","arch":"any"} (current: {"os":"linux","arch":"x64"})
[0m[91m
[0madded 606 packages from 458 contributors and audited 5317 packages in 52.27s
found 273 vulnerabilities (1 moderate, 272 high)
  run `npm audit fix` to fix them, or `npm audit` for details
[91mWARNING: Ignoring APKINDEX.70f61090.tar.gz: No such file or directory
WARNING: Ignoring APKINDEX.ca2fea5b.tar.gz: No such file or directory
[0m(1/6) Purging git (2.24.1-r0)
(2/6) Purging libcurl (7.67.0-r0)
(3/6) Purging ca-certificates (20191127-r0)
Executing ca-certificates-20191127-r0.post-deinstall
(4/6) Purging nghttp2-libs (1.40.0-r0)
(5/6) Purging expat (2.2.9-r1)
(6/6) Purging pcre2 (10.34-r1)
Executing busybox-1.31.1-r8.trigger
OK: 7 MiB in 16 packages
Removing intermediate container 01a80ede2080
 ---> 99d8a445feed
Step 4/6 : WORKDIR /usr/src/backend-example-docker
 ---> Running in a954cc8afdf5
Removing intermediate container a954cc8afdf5
 ---> e07c38ff3cfc
Step 5/6 : EXPOSE 8000
 ---> Running in c6a8fc8b84f9
Removing intermediate container c6a8fc8b84f9
 ---> 3ca1b84e956b
Step 6/6 : CMD ["npm","start"]
 ---> Running in 6fa1637a4a46
Removing intermediate container 6fa1637a4a46
 ---> f45be6189e4c
[2K
Successfully built f45be6189e4c
Successfully tagged backend-example-docker:latest
[2A[2KBuilding backend-example-docker  ... [32mdone[0m[2B[91mnpm WARN [0m[91moptional SKIPPING OPTIONAL DEPENDENCY: fsevents@1.2.7 (node_modules/fsevents):
[0m[91mnpm WARN [0m[91mnotsup SKIPPING OPTIONAL DEPENDENCY: Unsupported platform for fsevents@1.2.7: wanted {"os":"darwin","arch":"any"} (current: {"os":"linux","arch":"x64"})
[0m[91m
[0madded 1029 packages from 415 contributors and audited 11636 packages in 57.589s
found 313 vulnerabilities (6 moderate, 307 high)
  run `npm audit fix` to fix them, or `npm audit` for details
[91mWARNING: Ignoring APKINDEX.70f61090.tar.gz: No such file or directory
WARNING: Ignoring APKINDEX.ca2fea5b.tar.gz: No such file or directory
[0m(1/6) Purging git (2.24.1-r0)
(2/6) Purging libcurl (7.67.0-r0)
(3/6) Purging ca-certificates (20191127-r0)
Executing ca-certificates-20191127-r0.post-deinstall
(4/6) Purging nghttp2-libs (1.40.0-r0)
(5/6) Purging expat (2.2.9-r1)
(6/6) Purging pcre2 (10.34-r1)
Executing busybox-1.31.1-r8.trigger
OK: 7 MiB in 16 packages
Removing intermediate container c3f1d5c05293
 ---> 669353a3e077
Step 4/6 : WORKDIR /usr/src/frontend-example-docker
 ---> Running in d2933e505ff5
Removing intermediate container d2933e505ff5
 ---> bd029b9e00a1
Step 5/6 : EXPOSE 5000
 ---> Running in 6431c38e54f2
Removing intermediate container 6431c38e54f2
 ---> e9bac6feb00f
Step 6/6 : CMD ["npm","start"]
 ---> Running in 59e00d6b35c5
Removing intermediate container 59e00d6b35c5
 ---> f007cc16ef34
[2K
Successfully built f007cc16ef34
Successfully tagged frontend-example-docker:latest
[1A[2KBuilding frontend-example-docker ... [32mdone[0m[1Bfrontend-example-docker   latest              f007cc16ef34        Less than a second ago   266MB
backend-example-docker    latest              f45be6189e4c        7 seconds ago            170MB

Script done on 2019-12-29 20:08:52+0200
