Script started on 2019-12-30 23:58:10+0200
+ EXERCISE=3.05
+ TAG=frontend-example-docker
+ PORT=5000
+ mkdir -p 3.05
+ cat
+ docker build --quiet --tag frontend-example-docker 3.05
sha256:bd27e50835ee93af511781946c20d3f16c4deb769bb3907e502503560f0f02a6
+ docker run --detach --publish 5000:5000 --name frontend-example-docker frontend-example-docker
adbaddec7acea6e26c0bc0eb7f0132ec75697b719d01da965800261345517d24
+ sleep 30s
+ curl --url http://localhost:5000
<!DOCTYPE html>
<html lang="en">
  <head>
    <meta charset="utf-8">
    <meta content="ie=edge" http-equiv="x-ua-compatible">
    <title>Webpack App</title>
    <link href="vendors~main-1.css" rel="stylesheet" />
    <link href="main.css" rel="stylesheet" />
  </head>
  <body>
    <div id="root">
    </div>
    <script src="vendors~main.js" type="text/javascript"></script>
    <script src="main.js" type="text/javascript"></script>
  </body>
</html>
+ cutycapt --url=http://localhost:5000 --out=3.05.output.png
libpng warning: iCCP: known incorrect sRGB profile
libpng warning: iCCP: known incorrect sRGB profile
+ docker rm frontend-example-docker --force --volumes
frontend-example-docker

Script done on 2019-12-30 23:58:43+0200
